<?xml version="1.0" encoding="UTF-8"?>
<coverage generated="1669214035071" clover="3.2.0">
  <project timestamp="1669214035071" name="All files">
    <metrics statements="17" coveredstatements="14" conditionals="0" coveredconditionals="0" methods="11" coveredmethods="9" elements="28" coveredelements="23" complexity="0" loc="17" ncloc="17" packages="4" files="10" classes="10"/>
    <package name="src">
      <metrics statements="6" coveredstatements="4" conditionals="0" coveredconditionals="0" methods="3" coveredmethods="2"/>
      <file name="App.tsx" path="D:\ITI_Qena_2022\React\train\01\src\App.tsx">
        <metrics statements="1" coveredstatements="0" conditionals="0" coveredconditionals="0" methods="1" coveredmethods="0"/>
        <line num="6" count="0" type="stmt"/>
      </file>
      <file name="main.tsx" path="D:\ITI_Qena_2022\React\train\01\src\main.tsx">
        <metrics statements="1" coveredstatements="0" conditionals="0" coveredconditionals="0" methods="0" coveredmethods="0"/>
        <line num="7" count="0" type="stmt"/>
      </file>
      <file name="test-utils.tsx" path="D:\ITI_Qena_2022\React\train\01\src\test-utils.tsx">
        <metrics statements="4" coveredstatements="4" conditionals="0" coveredconditionals="0" methods="2" coveredmethods="2"/>
        <line num="4" count="3" type="stmt"/>
        <line num="5" count="7" type="stmt"/>
        <line num="8" count="3" type="stmt"/>
        <line num="12" count="7" type="stmt"/>
      </file>
      <file name="vite-env.d.ts" path="D:\ITI_Qena_2022\React\train\01\src\vite-env.d.ts">
        <metrics statements="0" coveredstatements="0" conditionals="0" coveredconditionals="0" methods="0" coveredmethods="0"/>
      </file>
    </package>
    <package name="src.portfolio01">
      <metrics statements="2" coveredstatements="2" conditionals="0" coveredconditionals="0" methods="0" coveredmethods="0"/>
      <file name="projects.constant.ts" path="D:\ITI_Qena_2022\React\train\01\src\portfolio01\projects.constant.ts">
        <metrics statements="1" coveredstatements="1" conditionals="0" coveredconditionals="0" methods="0" coveredmethods="0"/>
        <line num="12" count="1" type="stmt"/>
      </file>
      <file name="skills.constant.ts" path="D:\ITI_Qena_2022\React\train\01\src\portfolio01\skills.constant.ts">
        <metrics statements="1" coveredstatements="1" conditionals="0" coveredconditionals="0" methods="0" coveredmethods="0"/>
        <line num="4" count="1" type="stmt"/>
      </file>
    </package>
    <package name="src.portfolio01.components">
      <metrics statements="8" coveredstatements="8" conditionals="0" coveredconditionals="0" methods="7" coveredmethods="7"/>
      <file name="Header.tsx" path="D:\ITI_Qena_2022\React\train\01\src\portfolio01\components\Header.tsx">
        <metrics statements="3" coveredstatements="3" conditionals="0" coveredconditionals="0" methods="2" coveredmethods="2"/>
        <line num="12" count="5" type="stmt"/>
        <line num="18" count="5" type="stmt"/>
        <line num="29" count="20" type="stmt"/>
      </file>
      <file name="Projects.tsx" path="D:\ITI_Qena_2022\React\train\01\src\portfolio01\components\Projects.tsx">
        <metrics statements="3" coveredstatements="3" conditionals="0" coveredconditionals="0" methods="3" coveredmethods="3"/>
        <line num="4" count="1" type="stmt"/>
        <line num="18" count="6" type="stmt"/>
        <line num="29" count="15" type="stmt"/>
      </file>
      <file name="Skills.tsx" path="D:\ITI_Qena_2022\React\train\01\src\portfolio01\components\Skills.tsx">
        <metrics statements="2" coveredstatements="2" conditionals="0" coveredconditionals="0" methods="2" coveredmethods="2"/>
        <line num="3" count="1" type="stmt"/>
        <line num="8" count="6" type="stmt"/>
      </file>
    </package>
    <package name="src.portfolio01.page">
      <metrics statements="1" coveredstatements="0" conditionals="0" coveredconditionals="0" methods="1" coveredmethods="0"/>
      <file name="Protfolio01.tsx" path="D:\ITI_Qena_2022\React\train\01\src\portfolio01\page\Protfolio01.tsx">
        <metrics statements="1" coveredstatements="0" conditionals="0" coveredconditionals="0" methods="1" coveredmethods="0"/>
        <line num="7" count="0" type="stmt"/>
      </file>
    </package>
  </project>
</coverage>
