{"D:\\ITI_Qena_2022\\React\\train\\01\\src\\App.tsx": {"path":"D:\\ITI_Qena_2022\\React\\train\\01\\src\\App.tsx","statementMap":{"0":{"start":{"line":6,"column":2},"end":{"line":12,"column":4}}},"fnMap":{"0":{"name":"App","decl":{"start":{"line":5,"column":9},"end":{"line":5,"column":12}},"loc":{"start":{"line":5,"column":15},"end":{"line":13,"column":1}},"line":5}},"branchMap":{},"s":{"0":0},"f":{"0":0},"b":{}}
,"D:\\ITI_Qena_2022\\React\\train\\01\\src\\main.tsx": {"path":"D:\\ITI_Qena_2022\\React\\train\\01\\src\\main.tsx","statementMap":{"0":{"start":{"line":7,"column":0},"end":{"line":13,"column":2}}},"fnMap":{},"branchMap":{},"s":{"0":0},"f":{},"b":{}}
,"D:\\ITI_Qena_2022\\React\\train\\01\\src\\test-utils.tsx": {"path":"D:\\ITI_Qena_2022\\React\\train\\01\\src\\test-utils.tsx","statementMap":{"0":{"start":{"line":4,"column":18},"end":{"line":6,"column":1}},"1":{"start":{"line":5,"column":2},"end":{"line":5,"column":37}},"2":{"start":{"line":8,"column":19},"end":{"line":13,"column":1}},"3":{"start":{"line":12,"column":2},"end":{"line":12,"column":51}}},"fnMap":{"0":{"name":"(anonymous_0)","decl":{"start":{"line":4,"column":18},"end":{"line":4,"column":19}},"loc":{"start":{"line":4,"column":41},"end":{"line":6,"column":1}},"line":4},"1":{"name":"(anonymous_1)","decl":{"start":{"line":8,"column":19},"end":{"line":8,"column":20}},"loc":{"start":{"line":11,"column":5},"end":{"line":13,"column":1}},"line":11}},"branchMap":{},"s":{"0":3,"1":7,"2":3,"3":7},"f":{"0":7,"1":7},"b":{},"_coverageSchema":"1a1c01bbd47fc00a2c39e90264f33305004495a9","hash":"a0cb2add69f16f5ff2e26d8146c4b56125042007"}
,"D:\\ITI_Qena_2022\\React\\train\\01\\src\\vite-env.d.ts": {"path":"D:\\ITI_Qena_2022\\React\\train\\01\\src\\vite-env.d.ts","statementMap":{},"fnMap":{},"branchMap":{},"s":{},"f":{},"b":{}}
,"D:\\ITI_Qena_2022\\React\\train\\01\\src\\portfolio01\\projects.constant.ts": {"path":"D:\\ITI_Qena_2022\\React\\train\\01\\src\\portfolio01\\projects.constant.ts","statementMap":{"0":{"start":{"line":12,"column":6},"end":{"line":43,"column":1}}},"fnMap":{},"branchMap":{},"s":{"0":1},"f":{},"b":{},"_coverageSchema":"1a1c01bbd47fc00a2c39e90264f33305004495a9","hash":"95b511059ca8c3e33fb85150c7a0588bba63862b"}
,"D:\\ITI_Qena_2022\\React\\train\\01\\src\\portfolio01\\skills.constant.ts": {"path":"D:\\ITI_Qena_2022\\React\\train\\01\\src\\portfolio01\\skills.constant.ts","statementMap":{"0":{"start":{"line":4,"column":6},"end":{"line":29,"column":1}}},"fnMap":{},"branchMap":{},"s":{"0":1},"f":{},"b":{},"_coverageSchema":"1a1c01bbd47fc00a2c39e90264f33305004495a9","hash":"98a7ff1bb15d4458adfae8bbfb40f95fcce4dfa8"}
,"D:\\ITI_Qena_2022\\React\\train\\01\\src\\portfolio01\\components\\Header.tsx": {"path":"D:\\ITI_Qena_2022\\React\\train\\01\\src\\portfolio01\\components\\Header.tsx","statementMap":{"0":{"start":{"line":12,"column":14},"end":{"line":17,"column":3}},"1":{"start":{"line":18,"column":2},"end":{"line":76,"column":4}},"2":{"start":{"line":29,"column":12},"end":{"line":33,"column":17}}},"fnMap":{"0":{"name":"Header","decl":{"start":{"line":11,"column":24},"end":{"line":11,"column":30}},"loc":{"start":{"line":11,"column":33},"end":{"line":77,"column":1}},"line":11},"1":{"name":"(anonymous_1)","decl":{"start":{"line":28,"column":21},"end":{"line":28,"column":22}},"loc":{"start":{"line":29,"column":12},"end":{"line":33,"column":17}},"line":29}},"branchMap":{},"s":{"0":5,"1":5,"2":20},"f":{"0":5,"1":20},"b":{},"_coverageSchema":"1a1c01bbd47fc00a2c39e90264f33305004495a9","hash":"98aa517f77504a485660603124df6c31274e5b4a"}
,"D:\\ITI_Qena_2022\\React\\train\\01\\src\\portfolio01\\components\\Projects.tsx": {"path":"D:\\ITI_Qena_2022\\React\\train\\01\\src\\portfolio01\\components\\Projects.tsx","statementMap":{"0":{"start":{"line":4,"column":2},"end":{"line":38,"column":4}},"1":{"start":{"line":18,"column":10},"end":{"line":34,"column":16}},"2":{"start":{"line":29,"column":16},"end":{"line":31,"column":23}}},"fnMap":{"0":{"name":"Projects","decl":{"start":{"line":3,"column":24},"end":{"line":3,"column":32}},"loc":{"start":{"line":3,"column":35},"end":{"line":39,"column":1}},"line":3},"1":{"name":"(anonymous_1)","decl":{"start":{"line":17,"column":22},"end":{"line":17,"column":23}},"loc":{"start":{"line":18,"column":10},"end":{"line":34,"column":16}},"line":18},"2":{"name":"(anonymous_2)","decl":{"start":{"line":28,"column":32},"end":{"line":28,"column":33}},"loc":{"start":{"line":29,"column":16},"end":{"line":31,"column":23}},"line":29}},"branchMap":{},"s":{"0":1,"1":6,"2":15},"f":{"0":1,"1":6,"2":15},"b":{},"_coverageSchema":"1a1c01bbd47fc00a2c39e90264f33305004495a9","hash":"d194629a558f8fd0fcb125a12ff3cd06f974405f"}
,"D:\\ITI_Qena_2022\\React\\train\\01\\src\\portfolio01\\components\\Skills.tsx": {"path":"D:\\ITI_Qena_2022\\React\\train\\01\\src\\portfolio01\\components\\Skills.tsx","statementMap":{"0":{"start":{"line":3,"column":2},"end":{"line":25,"column":4}},"1":{"start":{"line":8,"column":10},"end":{"line":15,"column":16}}},"fnMap":{"0":{"name":"Skills","decl":{"start":{"line":2,"column":24},"end":{"line":2,"column":30}},"loc":{"start":{"line":2,"column":33},"end":{"line":26,"column":1}},"line":2},"1":{"name":"(anonymous_1)","decl":{"start":{"line":7,"column":20},"end":{"line":7,"column":21}},"loc":{"start":{"line":8,"column":10},"end":{"line":15,"column":16}},"line":8}},"branchMap":{},"s":{"0":1,"1":6},"f":{"0":1,"1":6},"b":{},"_coverageSchema":"1a1c01bbd47fc00a2c39e90264f33305004495a9","hash":"b6dd557782bc3e1509b741fae59219ae8af3e965"}
,"D:\\ITI_Qena_2022\\React\\train\\01\\src\\portfolio01\\page\\Protfolio01.tsx": {"path":"D:\\ITI_Qena_2022\\React\\train\\01\\src\\portfolio01\\page\\Protfolio01.tsx","statementMap":{"0":{"start":{"line":7,"column":2},"end":{"line":15,"column":4}}},"fnMap":{"0":{"name":"Protfolio01","decl":{"start":{"line":6,"column":24},"end":{"line":6,"column":35}},"loc":{"start":{"line":6,"column":38},"end":{"line":16,"column":1}},"line":6}},"branchMap":{},"s":{"0":0},"f":{"0":0},"b":{}}
}
