TN:
SF:src\App.tsx
FN:5,App
FNF:1
FNH:0
FNDA:0,App
DA:6,0
LF:1
LH:0
BRF:0
BRH:0
end_of_record
TN:
SF:src\main.tsx
FNF:0
FNH:0
DA:7,0
LF:1
LH:0
BRF:0
BRH:0
end_of_record
TN:
SF:src\test-utils.tsx
FN:4,(anonymous_0)
FN:8,(anonymous_1)
FNF:2
FNH:2
FNDA:7,(anonymous_0)
FNDA:7,(anonymous_1)
DA:4,3
DA:5,7
DA:8,3
DA:12,7
LF:4
LH:4
BRF:0
BRH:0
end_of_record
TN:
SF:src\vite-env.d.ts
FNF:0
FNH:0
LF:0
LH:0
BRF:0
BRH:0
end_of_record
TN:
SF:src\portfolio01\projects.constant.ts
FNF:0
FNH:0
DA:12,1
LF:1
LH:1
BRF:0
BRH:0
end_of_record
TN:
SF:src\portfolio01\skills.constant.ts
FNF:0
FNH:0
DA:4,1
LF:1
LH:1
BRF:0
BRH:0
end_of_record
TN:
SF:src\portfolio01\components\Header.tsx
FN:11,Header
FN:28,(anonymous_1)
FNF:2
FNH:2
FNDA:5,Header
FNDA:20,(anonymous_1)
DA:12,5
DA:18,5
DA:29,20
LF:3
LH:3
BRF:0
BRH:0
end_of_record
TN:
SF:src\portfolio01\components\Projects.tsx
FN:3,Projects
FN:17,(anonymous_1)
FN:28,(anonymous_2)
FNF:3
FNH:3
FNDA:1,Projects
FNDA:6,(anonymous_1)
FNDA:15,(anonymous_2)
DA:4,1
DA:18,6
DA:29,15
LF:3
LH:3
BRF:0
BRH:0
end_of_record
TN:
SF:src\portfolio01\components\Skills.tsx
FN:2,Skills
FN:7,(anonymous_1)
FNF:2
FNH:2
FNDA:1,Skills
FNDA:6,(anonymous_1)
DA:3,1
DA:8,6
LF:2
LH:2
BRF:0
BRH:0
end_of_record
TN:
SF:src\portfolio01\page\Protfolio01.tsx
FN:6,Protfolio01
FNF:1
FNH:0
FNDA:0,Protfolio01
DA:7,0
LF:1
LH:0
BRF:0
BRH:0
end_of_record
